{
  message: '🛢 Database is successfully connected',
  level: 'info',
  label: 'PH',
  timestamp: '2023-06-14T11:04:08.508Z'
}
{
  message: 'Application is listening on port 5000',
  level: 'info',
  label: 'PH',
  timestamp: '2023-06-14T11:04:08.529Z'
}
{
  message: '🛢 Database is successfully connected',
  level: 'info',
  label: 'PH',
  timestamp: '2023-06-14T11:07:15.872Z'
}
{
  message: 'Application is listening on port 5000',
  level: 'info',
  label: 'PH',
  timestamp: '2023-06-14T11:07:15.892Z'
}
{
  message: '🛢 Database is successfully connected',
  level: 'info',
  label: 'PH',
  timestamp: '2023-06-14T11:31:59.208Z'
}
{
  message: 'Application is listening on port 5000',
  level: 'info',
  label: 'PH',
  timestamp: '2023-06-14T11:31:59.227Z'
}
