{
  message: '🛢 Database is successfully connected',
  level: 'info',
  label: 'PH',
  timestamp: '2023-06-10T05:04:07.188Z'
}
{
  message: 'Application is listening on port 5000',
  level: 'info',
  label: 'PH',
  timestamp: '2023-06-10T05:04:07.249Z'
}
{
  message: '🛢 Database is successfully connected',
  level: 'info',
  label: 'PH',
  timestamp: '2023-06-10T05:05:43.426Z'
}
{
  message: 'Application is listening on port 5000',
  level: 'info',
  label: 'PH',
  timestamp: '2023-06-10T05:05:43.452Z'
}
{
  message: '🛢 Database is successfully connected',
  level: 'info',
  label: 'PH',
  timestamp: '2023-06-10T05:09:23.240Z'
}
{
  message: 'Application is listening on port 5000',
  level: 'info',
  label: 'PH',
  timestamp: '2023-06-10T05:09:23.259Z'
}
