{
  message: '🛢 Database is successfully connected',
  level: 'info',
  label: 'PH',
  timestamp: '2023-06-16T03:00:35.946Z'
}
{
  message: 'Application is listening on port 5000',
  level: 'info',
  label: 'PH',
  timestamp: '2023-06-16T03:00:35.967Z'
}
{
  message: '🛢 Database is successfully connected',
  level: 'info',
  label: 'PH',
  timestamp: '2023-06-16T03:05:40.929Z'
}
{
  message: 'Application is listening on port 5000',
  level: 'info',
  label: 'PH',
  timestamp: '2023-06-16T03:05:40.959Z'
}
{
  message: '🛢 Database is successfully connected',
  level: 'info',
  label: 'PH',
  timestamp: '2023-06-16T03:17:55.938Z'
}
{
  message: 'Application is listening on port 5000',
  level: 'info',
  label: 'PH',
  timestamp: '2023-06-16T03:17:55.952Z'
}
