{
  message: '🛢 Database is successfully connected',
  level: 'info',
  label: 'PH',
  timestamp: '2023-06-14T12:19:14.558Z'
}
{
  message: 'Application is listening on port 5000',
  level: 'info',
  label: 'PH',
  timestamp: '2023-06-14T12:19:14.588Z'
}
{
  message: '🛢 Database is successfully connected',
  level: 'info',
  label: 'PH',
  timestamp: '2023-06-14T12:19:43.484Z'
}
{
  message: 'Application is listening on port 5000',
  level: 'info',
  label: 'PH',
  timestamp: '2023-06-14T12:19:43.505Z'
}
{
  message: '🛢 Database is successfully connected',
  level: 'info',
  label: 'PH',
  timestamp: '2023-06-14T12:20:00.168Z'
}
{
  message: 'Application is listening on port 5000',
  level: 'info',
  label: 'PH',
  timestamp: '2023-06-14T12:20:00.185Z'
}
{
  message: '🛢 Database is successfully connected',
  level: 'info',
  label: 'PH',
  timestamp: '2023-06-14T12:21:10.938Z'
}
{
  message: 'Application is listening on port 5000',
  level: 'info',
  label: 'PH',
  timestamp: '2023-06-14T12:21:10.973Z'
}
{
  message: '🛢 Database is successfully connected',
  level: 'info',
  label: 'PH',
  timestamp: '2023-06-14T12:21:40.821Z'
}
{
  message: 'Application is listening on port 5000',
  level: 'info',
  label: 'PH',
  timestamp: '2023-06-14T12:21:40.841Z'
}
{
  message: '🛢 Database is successfully connected',
  level: 'info',
  label: 'PH',
  timestamp: '2023-06-14T12:22:35.509Z'
}
{
  message: 'Application is listening on port 5000',
  level: 'info',
  label: 'PH',
  timestamp: '2023-06-14T12:22:35.528Z'
}
{
  message: '🛢 Database is successfully connected',
  level: 'info',
  label: 'PH',
  timestamp: '2023-06-14T12:23:39.009Z'
}
{
  message: 'Application is listening on port 5000',
  level: 'info',
  label: 'PH',
  timestamp: '2023-06-14T12:23:39.027Z'
}
{
  message: '🛢 Database is successfully connected',
  level: 'info',
  label: 'PH',
  timestamp: '2023-06-14T12:45:55.340Z'
}
{
  message: 'Application is listening on port 5000',
  level: 'info',
  label: 'PH',
  timestamp: '2023-06-14T12:45:55.399Z'
}
{
  message: '🛢 Database is successfully connected',
  level: 'info',
  label: 'PH',
  timestamp: '2023-06-14T12:46:25.768Z'
}
{
  message: 'Application is listening on port 5000',
  level: 'info',
  label: 'PH',
  timestamp: '2023-06-14T12:46:25.795Z'
}
