{
  message: '🛢 Database is successfully connected',
  level: 'info',
  label: 'PH',
  timestamp: '2023-06-15T16:55:59.461Z'
}
{
  message: 'Application is listening on port 5000',
  level: 'info',
  label: 'PH',
  timestamp: '2023-06-15T16:55:59.538Z'
}
{
  message: '🛢 Database is successfully connected',
  level: 'info',
  label: 'PH',
  timestamp: '2023-06-15T16:56:37.951Z'
}
{
  message: 'Application is listening on port 5000',
  level: 'info',
  label: 'PH',
  timestamp: '2023-06-15T16:56:37.967Z'
}
{
  message: '🛢 Database is successfully connected',
  level: 'info',
  label: 'PH',
  timestamp: '2023-06-15T16:57:38.532Z'
}
{
  message: 'Application is listening on port 5000',
  level: 'info',
  label: 'PH',
  timestamp: '2023-06-15T16:57:38.564Z'
}
